0 info it worked if it ends with ok
1 verbose cli [ '/root/.meteor/packages/meteor-tool/.1.4.1_1.139xb76++os.linux.x86_64+web.browser+web.cordova/mt-os.linux.x86_64/dev_bundle/bin/node',
1 verbose cli   '/root/.meteor/packages/meteor-tool/1.4.1_1/mt-os.linux.x86_64/dev_bundle/bin/npm',
1 verbose cli   'start' ]
2 info using npm@3.10.6
3 info using node@v4.5.0
4 verbose run-script [ 'prestart', 'start', 'poststart' ]
5 info lifecycle LaBonneFabrique@1.0.0~prestart: LaBonneFabrique@1.0.0
6 silly lifecycle LaBonneFabrique@1.0.0~prestart: no script for prestart, continuing
7 info lifecycle LaBonneFabrique@1.0.0~start: LaBonneFabrique@1.0.0
8 verbose lifecycle LaBonneFabrique@1.0.0~start: unsafe-perm in lifecycle true
9 verbose lifecycle LaBonneFabrique@1.0.0~start: PATH: /root/.meteor/packages/meteor-tool/.1.4.1_1.139xb76++os.linux.x86_64+web.browser+web.cordova/mt-os.linux.x86_64/dev_bundle/lib/node_modules/npm/bin/node-gyp-bin:/workspace/site-LBF/node_modules/.bin:/root/.meteor/packages/meteor-tool/.1.4.1_1.139xb76++os.linux.x86_64+web.browser+web.cordova/mt-os.linux.x86_64/dev_bundle/bin:/root/.meteor/packages/meteor-tool/1.4.1_1/mt-os.linux.x86_64/dev_bundle/bin:/root/.meteor/packages/meteor-tool/1.4.1_1/mt-os.linux.x86_64/dev_bundle/lib/node_modules/.bin:/root/.c9/bin:/root/.c9/node_modules/.bin:/usr/local/bin:/usr/local/sbin:/usr/local/bin:/usr/sbin:/usr/bin:/sbin:/bin
10 verbose lifecycle LaBonneFabrique@1.0.0~start: CWD: /workspace/site-LBF
11 silly lifecycle LaBonneFabrique@1.0.0~start: Args: [ '-c',
11 silly lifecycle   'MAIL_URL=\'smtp://postmaster%40dev.labonnefabrique.fr:2b854ff84b0f8692657d93d24f51844e@smtp.mailgun.org:587\' ROOT_URL=\'https://dev.labonnefabrique.fr:8080/\' NODE_OPTIONS=\'--debug\' meteor --settings settings-development.json --port http://localhost:3000/' ]
12 silly lifecycle LaBonneFabrique@1.0.0~start: Returned: code: 1  signal: null
13 info lifecycle LaBonneFabrique@1.0.0~start: Failed to exec start script
14 verbose stack Error: LaBonneFabrique@1.0.0 start: `MAIL_URL='smtp://postmaster%40dev.labonnefabrique.fr:2b854ff84b0f8692657d93d24f51844e@smtp.mailgun.org:587' ROOT_URL='https://dev.labonnefabrique.fr:8080/' NODE_OPTIONS='--debug' meteor --settings settings-development.json --port http://localhost:3000/`
14 verbose stack Exit status 1
14 verbose stack     at EventEmitter.<anonymous> (/root/.meteor/packages/meteor-tool/.1.4.1_1.139xb76++os.linux.x86_64+web.browser+web.cordova/mt-os.linux.x86_64/dev_bundle/lib/node_modules/npm/lib/utils/lifecycle.js:255:16)
14 verbose stack     at emitTwo (events.js:87:13)
14 verbose stack     at EventEmitter.emit (events.js:172:7)
14 verbose stack     at ChildProcess.<anonymous> (/root/.meteor/packages/meteor-tool/.1.4.1_1.139xb76++os.linux.x86_64+web.browser+web.cordova/mt-os.linux.x86_64/dev_bundle/lib/node_modules/npm/lib/utils/spawn.js:40:14)
14 verbose stack     at emitTwo (events.js:87:13)
14 verbose stack     at ChildProcess.emit (events.js:172:7)
14 verbose stack     at maybeClose (internal/child_process.js:829:16)
14 verbose stack     at Process.ChildProcess._handle.onexit (internal/child_process.js:211:5)
15 verbose pkgid LaBonneFabrique@1.0.0
16 verbose cwd /workspace/site-LBF
17 error Linux 3.13.0-55-generic
18 error argv "/root/.meteor/packages/meteor-tool/.1.4.1_1.139xb76++os.linux.x86_64+web.browser+web.cordova/mt-os.linux.x86_64/dev_bundle/bin/node" "/root/.meteor/packages/meteor-tool/1.4.1_1/mt-os.linux.x86_64/dev_bundle/bin/npm" "start"
19 error node v4.5.0
20 error npm  v3.10.6
21 error code ELIFECYCLE
22 error LaBonneFabrique@1.0.0 start: `MAIL_URL='smtp://postmaster%40dev.labonnefabrique.fr:2b854ff84b0f8692657d93d24f51844e@smtp.mailgun.org:587' ROOT_URL='https://dev.labonnefabrique.fr:8080/' NODE_OPTIONS='--debug' meteor --settings settings-development.json --port http://localhost:3000/`
22 error Exit status 1
23 error Failed at the LaBonneFabrique@1.0.0 start script 'MAIL_URL='smtp://postmaster%40dev.labonnefabrique.fr:2b854ff84b0f8692657d93d24f51844e@smtp.mailgun.org:587' ROOT_URL='https://dev.labonnefabrique.fr:8080/' NODE_OPTIONS='--debug' meteor --settings settings-development.json --port http://localhost:3000/'.
23 error Make sure you have the latest version of node.js and npm installed.
23 error If you do, this is most likely a problem with the LaBonneFabrique package,
23 error not with npm itself.
23 error Tell the author that this fails on your system:
23 error     MAIL_URL='smtp://postmaster%40dev.labonnefabrique.fr:2b854ff84b0f8692657d93d24f51844e@smtp.mailgun.org:587' ROOT_URL='https://dev.labonnefabrique.fr:8080/' NODE_OPTIONS='--debug' meteor --settings settings-development.json --port http://localhost:3000/
23 error You can get information on how to open an issue for this project with:
23 error     npm bugs LaBonneFabrique
23 error Or if that isn't available, you can get their info via:
23 error     npm owner ls LaBonneFabrique
23 error There is likely additional logging output above.
24 verbose exit [ 1, true ]
